<?xml version="1.0" encoding="UTF-8"?>
<!-- Generated by org.testng.reporters.JUnitReportReporter -->
<testsuite hostname="DESKTOP-S8D25I8" failures="0" tests="1" name="TestNgDemo.AnnotationDemo" time="0.004" errors="0" timestamp="2023-03-25T13:48:51 IST" skipped="0">
  <testcase classname="TestNgDemo.AnnotationDemo" name="validateTitle" time="0.004"/>
  <system-out/>
</testsuite> <!-- TestNgDemo.AnnotationDemo -->
