<?xml version="1.0" encoding="UTF-8"?>
<!-- Generated by org.testng.reporters.JUnitReportReporter -->
<testsuite hostname="DESKTOP-S8D25I8" failures="0" tests="3" name="TestNgDemo.ProrityDemo" time="0.012" errors="0" timestamp="2023-03-25T15:45:51 IST" skipped="0">
  <testcase classname="TestNgDemo.ProrityDemo" name="zebra" time="0.006"/>
  <system-out/>
  <testcase classname="TestNgDemo.ProrityDemo" name="banana" time="0.002"/>
  <system-out/>
  <testcase classname="TestNgDemo.ProrityDemo" name="apple" time="0.004"/>
  <system-out/>
</testsuite> <!-- TestNgDemo.ProrityDemo -->
